<?xml version="1.0" encoding="utf-8"?><testsuites name="pytest tests"><testsuite name="pytest" errors="0" failures="0" skipped="0" tests="10" time="2.650" timestamp="2026-01-07T04:24:52.189946+00:00" hostname="agent-env-4793f01d-632f-4932-877d-1d41eea5079e"><testcase classname="tests.test_safe_core.TestAuthFlow" name="test_api_health" time="0.060" /><testcase classname="tests.test_safe_core.TestAuthFlow" name="test_login_success" time="0.282" /><testcase classname="tests.test_safe_core.TestAuthFlow" name="test_login_invalid_credentials" time="0.042" /><testcase classname="tests.test_safe_core.TestSafeCoreHistory" name="test_history_endpoint" time="0.312" /><testcase classname="tests.test_safe_core.TestSafeCoreAdminStats" name="test_admin_stats_verdict_naming" time="0.316" /><testcase classname="tests.test_safe_core.TestSafeCoreCSVExport" name="test_csv_export_headers" time="0.301" /><testcase classname="tests.test_safe_core.TestSafeCoreCompare" name="test_compare_validation" time="0.378" /><testcase classname="tests.test_safe_core.TestSafeCoreCompare" name="test_compare_too_many_urls" time="0.297" /><testcase classname="tests.test_safe_core.TestSafeCoreWishlist" name="test_get_wishlist" time="0.307" /><testcase classname="tests.test_safe_core.TestSafeCoreAIConfig" name="test_ai_config_endpoint" time="0.298" /></testsuite></testsuites>