<?xml version="1.0" encoding="utf-8"?><testsuites name="pytest tests"><testsuite name="pytest" errors="0" failures="1" skipped="0" tests="10" time="2.750" timestamp="2026-01-07T04:23:47.561860+00:00" hostname="agent-env-4793f01d-632f-4932-877d-1d41eea5079e"><testcase classname="tests.test_safe_core.TestAuthFlow" name="test_api_health" time="0.093" /><testcase classname="tests.test_safe_core.TestAuthFlow" name="test_login_success" time="0.328" /><testcase classname="tests.test_safe_core.TestAuthFlow" name="test_login_invalid_credentials" time="0.041" /><testcase classname="tests.test_safe_core.TestSafeCoreHistory" name="test_history_endpoint" time="0.364"><failure message="assert 520 == 200&#10; +  where 520 = &lt;Response [520]&gt;.status_code">tests/test_safe_core.py:77: in test_history_endpoint
    assert response.status_code == 200
E   assert 520 == 200
E    +  where 520 = &lt;Response [520]&gt;.status_code</failure></testcase><testcase classname="tests.test_safe_core.TestSafeCoreAdminStats" name="test_admin_stats_verdict_naming" time="0.341" /><testcase classname="tests.test_safe_core.TestSafeCoreCSVExport" name="test_csv_export_headers" time="0.303" /><testcase classname="tests.test_safe_core.TestSafeCoreCompare" name="test_compare_validation" time="0.305" /><testcase classname="tests.test_safe_core.TestSafeCoreCompare" name="test_compare_too_many_urls" time="0.294" /><testcase classname="tests.test_safe_core.TestSafeCoreWishlist" name="test_get_wishlist" time="0.307" /><testcase classname="tests.test_safe_core.TestSafeCoreAIConfig" name="test_ai_config_endpoint" time="0.299" /></testsuite></testsuites>